<?xml version="1.0" encoding="UTF-8"?>
<testsuites name="jest tests" tests="1" failures="0" errors="0" time="2.76">
  <testsuite name="jupyterlab-new-launcher" errors="0" failures="0" skipped="0" timestamp="2024-05-07T13:44:20" time="2.44" tests="1">
    <testcase classname="jupyterlab-new-launcher should be tested" name="jupyterlab-new-launcher should be tested" time="0.003">
    </testcase>
  </testsuite>
</testsuites>